  camera.cpp
C:\Users\neket\Desktop\projects\github\UNJ-Graph-Completed\INJ4\INJ4.1\camera.cpp(46,31): warning C4244: =: преобразование "double" в "float", возможна потеря данных
C:\Users\neket\Desktop\projects\github\UNJ-Graph-Completed\INJ4\INJ4.1\camera.cpp(50,31): warning C4244: =: преобразование "double" в "float", возможна потеря данных
C:\Users\neket\Desktop\projects\github\UNJ-Graph-Completed\INJ4\INJ4.1\camera.cpp(57,24): warning C4244: =: преобразование "double" в "float", возможна потеря данных
C:\Users\neket\Desktop\projects\github\UNJ-Graph-Completed\INJ4\INJ4.1\camera.cpp(61,30): warning C4244: =: преобразование "double" в "float", возможна потеря данных
C:\Users\neket\Desktop\projects\github\UNJ-Graph-Completed\INJ4\INJ4.1\camera.cpp(65,16): warning C4244: =: преобразование "double" в "float", возможна потеря данных
  glut_backend.cpp
  lighting_technique.cpp
C:\Users\neket\Desktop\projects\github\UNJ-Graph-Completed\INJ4\INJ4.1\lighting_technique.cpp(362,58): warning C4244: аргумент: преобразование "double" в "float", возможна потеря данных
  math_3d.cpp
C:\Users\neket\Desktop\projects\github\UNJ-Graph-Completed\INJ4\INJ4.1\math_3d.cpp(43,37): warning C4244: аргумент: преобразование "double" в "float", возможна потеря данных
C:\Users\neket\Desktop\projects\github\UNJ-Graph-Completed\INJ4\INJ4.1\math_3d.cpp(44,37): warning C4244: аргумент: преобразование "double" в "float", возможна потеря данных
C:\Users\neket\Desktop\projects\github\UNJ-Graph-Completed\INJ4\INJ4.1\math_3d.cpp(74,21): warning C4244: инициализация: преобразование "double" в "float", возможна потеря данных
C:\Users\neket\Desktop\projects\github\UNJ-Graph-Completed\INJ4\INJ4.1\math_3d.cpp(74,19): warning C4244: инициализация: преобразование "double" в "const float", возможна потеря данных
C:\Users\neket\Desktop\projects\github\UNJ-Graph-Completed\INJ4\INJ4.1\math_3d.cpp(75,21): warning C4244: инициализация: преобразование "double" в "float", возможна потеря данных
C:\Users\neket\Desktop\projects\github\UNJ-Graph-Completed\INJ4\INJ4.1\math_3d.cpp(75,19): warning C4244: инициализация: преобразование "double" в "const float", возможна потеря данных
C:\Users\neket\Desktop\projects\github\UNJ-Graph-Completed\INJ4\INJ4.1\math_3d.cpp(76,21): warning C4244: инициализация: преобразование "double" в "float", возможна потеря данных
C:\Users\neket\Desktop\projects\github\UNJ-Graph-Completed\INJ4\INJ4.1\math_3d.cpp(76,19): warning C4244: инициализация: преобразование "double" в "const float", возможна потеря данных
C:\Users\neket\Desktop\projects\github\UNJ-Graph-Completed\INJ4\INJ4.1\math_3d.cpp(124,35): warning C4244: аргумент: преобразование "double" в "float", возможна потеря данных
  mesh.cpp
C:\Users\neket\Desktop\projects\github\UNJ-Graph-Completed\INJ4\INJ4.1\texture.h(7,10): fatal  error C1083: Не удается открыть файл включение: Magick++.h: No such file or directory,
  pipeline.cpp
  shadow_map_fbo.cpp
  shadow_map_technique.cpp
  technique.cpp
C:\Users\neket\Desktop\projects\github\UNJ-Graph-Completed\INJ4\INJ4.1\technique.cpp(47,37): warning C4267: =: преобразование из "size_t" в "GLint"; возможна потеря данных
  texture.cpp
C:\Users\neket\Desktop\projects\github\UNJ-Graph-Completed\INJ4\INJ4.1\texture.h(7,10): fatal  error C1083: Не удается открыть файл включение: Magick++.h: No such file or directory,
  UROK 24.cpp
C:\Users\neket\Desktop\projects\github\UNJ-Graph-Completed\INJ4\UROK 24\texture.h(7,10): fatal  error C1083: Не удается открыть файл включение: Magick++.h: No such file or directory,
  Создание кода...
