  billboard_technique.cpp
  camera.cpp
C:\Users\neket\Desktop\projects\github\INJGraphTyush\INJ5\UROK28 — копия\engGraph5\camera.cpp(63,31): warning C4244: =: преобразование "double" в "float", возможна потеря данных
C:\Users\neket\Desktop\projects\github\INJGraphTyush\INJ5\UROK28 — копия\engGraph5\camera.cpp(67,31): warning C4244: =: преобразование "double" в "float", возможна потеря данных
C:\Users\neket\Desktop\projects\github\INJGraphTyush\INJ5\UROK28 — копия\engGraph5\camera.cpp(74,24): warning C4244: =: преобразование "double" в "float", возможна потеря данных
C:\Users\neket\Desktop\projects\github\INJGraphTyush\INJ5\UROK28 — копия\engGraph5\camera.cpp(78,30): warning C4244: =: преобразование "double" в "float", возможна потеря данных
C:\Users\neket\Desktop\projects\github\INJGraphTyush\INJ5\UROK28 — копия\engGraph5\camera.cpp(82,16): warning C4244: =: преобразование "double" в "float", возможна потеря данных
  eng_graph_5.cpp
C:\Users\neket\Desktop\projects\github\INJGraphTyush\INJ5\UROK28 — копия\engGraph5\texture.h(7,10): fatal  error C1083: Не удается открыть файл включение: Magick++.h: No such file or directory,
  glut_backend.cpp
  lighting_technique.cpp
  math_3d.cpp
  mesh.cpp
C:\Users\neket\Desktop\projects\github\INJGraphTyush\INJ5\UROK28 — копия\engGraph5\texture.h(7,10): fatal  error C1083: Не удается открыть файл включение: Magick++.h: No such file or directory,
  particle_system.cpp
C:\Users\neket\Desktop\projects\github\INJGraphTyush\INJ5\UROK28 — копия\engGraph5\texture.h(7,10): fatal  error C1083: Не удается открыть файл включение: Magick++.h: No such file or directory,
  pipeline.cpp
  ps_update_technique.cpp
  random_texture.cpp
C:\Users\neket\Desktop\projects\github\INJGraphTyush\INJ5\UROK28 — копия\engGraph5\random_texture.cpp(48,50): warning C4244: аргумент: преобразование "float" в "GLint", возможна потеря данных
  technique.cpp
C:\Users\neket\Desktop\projects\github\INJGraphTyush\INJ5\UROK28 — копия\engGraph5\technique.cpp(99,36): warning C4267: =: преобразование из "size_t" в "GLint"; возможна потеря данных
  texture.cpp
C:\Users\neket\Desktop\projects\github\INJGraphTyush\INJ5\UROK28 — копия\engGraph5\texture.h(7,10): fatal  error C1083: Не удается открыть файл включение: Magick++.h: No such file or directory,
  Создание кода...
