  camera.cpp
D:\5.UNIK\ugatu-engineering-computer-graphics\laboratory_work3\lesson19-specular\camera.cpp(48,31): warning C4244: =: преобразование "double" в "float", возможна потеря данных
D:\5.UNIK\ugatu-engineering-computer-graphics\laboratory_work3\lesson19-specular\camera.cpp(52,31): warning C4244: =: преобразование "double" в "float", возможна потеря данных
D:\5.UNIK\ugatu-engineering-computer-graphics\laboratory_work3\lesson19-specular\camera.cpp(59,24): warning C4244: =: преобразование "double" в "float", возможна потеря данных
D:\5.UNIK\ugatu-engineering-computer-graphics\laboratory_work3\lesson19-specular\camera.cpp(63,30): warning C4244: =: преобразование "double" в "float", возможна потеря данных
D:\5.UNIK\ugatu-engineering-computer-graphics\laboratory_work3\lesson19-specular\camera.cpp(70,16): warning C4244: =: преобразование "double" в "float", возможна потеря данных
  glut_backend.cpp
  lighting_technique.cpp
  main.cpp
D:\5.UNIK\ugatu-engineering-computer-graphics\laboratory_work3\lesson19-specular\texture.h(5,10): fatal  error C1083: Не удается открыть файл включение: ImageMagick-6/Magick++.h: No such file or directory,
  math_3d.cpp
D:\5.UNIK\ugatu-engineering-computer-graphics\laboratory_work3\lesson19-specular\math_3d.cpp(28,37): warning C4244: аргумент: преобразование "double" в "float", возможна потеря данных
D:\5.UNIK\ugatu-engineering-computer-graphics\laboratory_work3\lesson19-specular\math_3d.cpp(29,37): warning C4244: аргумент: преобразование "double" в "float", возможна потеря данных
D:\5.UNIK\ugatu-engineering-computer-graphics\laboratory_work3\lesson19-specular\math_3d.cpp(60,21): warning C4244: инициализация: преобразование "double" в "float", возможна потеря данных
D:\5.UNIK\ugatu-engineering-computer-graphics\laboratory_work3\lesson19-specular\math_3d.cpp(60,19): warning C4244: инициализация: преобразование "double" в "const float", возможна потеря данных
D:\5.UNIK\ugatu-engineering-computer-graphics\laboratory_work3\lesson19-specular\math_3d.cpp(61,21): warning C4244: инициализация: преобразование "double" в "float", возможна потеря данных
D:\5.UNIK\ugatu-engineering-computer-graphics\laboratory_work3\lesson19-specular\math_3d.cpp(61,19): warning C4244: инициализация: преобразование "double" в "const float", возможна потеря данных
D:\5.UNIK\ugatu-engineering-computer-graphics\laboratory_work3\lesson19-specular\math_3d.cpp(62,21): warning C4244: инициализация: преобразование "double" в "float", возможна потеря данных
D:\5.UNIK\ugatu-engineering-computer-graphics\laboratory_work3\lesson19-specular\math_3d.cpp(62,19): warning C4244: инициализация: преобразование "double" в "const float", возможна потеря данных
D:\5.UNIK\ugatu-engineering-computer-graphics\laboratory_work3\lesson19-specular\math_3d.cpp(112,35): warning C4244: аргумент: преобразование "double" в "float", возможна потеря данных
  pipeline.cpp
  stb_image.cpp
D:\5.UNIK\ugatu-engineering-computer-graphics\laboratory_work3\lesson19-specular\util.h(9,10): fatal  error C1083: Не удается открыть файл включение: ogldev_types.h: No such file or directory,
  technique.cpp
D:\5.UNIK\ugatu-engineering-computer-graphics\laboratory_work3\lesson19-specular\technique.cpp(47,37): warning C4267: =: преобразование из "size_t" в "GLint"; возможна потеря данных
  texture.cpp
D:\5.UNIK\ugatu-engineering-computer-graphics\laboratory_work3\lesson19-specular\texture.h(5,10): fatal  error C1083: Не удается открыть файл включение: ImageMagick-6/Magick++.h: No such file or directory,
